<?xml version="1.0" encoding="utf-8"?><testsuites name="pytest tests"><testsuite name="pytest" errors="7" failures="0" skipped="0" tests="7" time="0.391" timestamp="2026-07-13T22:42:49.521524+02:00" hostname="HawkwardPC"><testcase classname="test_tabs.TestMainTabs" name="test_all_main_tabs_accessible" time="0.003"><error message="failed on setup with &quot;FileNotFoundError: [WinError 2] The system cannot find the file specified&quot;">test_tabs.py:42: in app
    proc = subprocess.Popen(
C:\Python314\Lib\subprocess.py:1039: in __init__
    self._execute_child(args, executable, preexec_fn, close_fds,
C:\Python314\Lib\subprocess.py:1553: in _execute_child
    hp, ht, pid, tid = _winapi.CreateProcess(executable, args,
E   FileNotFoundError: [WinError 2] The system cannot find the file specified</error></testcase><testcase classname="test_tabs.TestNetOpsSubtabs" name="test_netops_subtabs_exist_and_clickable" time="0.002"><error message="failed on setup with &quot;FileNotFoundError: [WinError 2] The system cannot find the file specified&quot;">test_tabs.py:42: in app
    proc = subprocess.Popen(
C:\Python314\Lib\subprocess.py:1039: in __init__
    self._execute_child(args, executable, preexec_fn, close_fds,
C:\Python314\Lib\subprocess.py:1553: in _execute_child
    hp, ht, pid, tid = _winapi.CreateProcess(executable, args,
E   FileNotFoundError: [WinError 2] The system cannot find the file specified</error></testcase><testcase classname="test_tabs.TestSecOpsSubtabs" name="test_secops_subtabs_exist_and_clickable" time="0.002"><error message="failed on setup with &quot;FileNotFoundError: [WinError 2] The system cannot find the file specified&quot;">test_tabs.py:42: in app
    proc = subprocess.Popen(
C:\Python314\Lib\subprocess.py:1039: in __init__
    self._execute_child(args, executable, preexec_fn, close_fds,
C:\Python314\Lib\subprocess.py:1553: in _execute_child
    hp, ht, pid, tid = _winapi.CreateProcess(executable, args,
E   FileNotFoundError: [WinError 2] The system cannot find the file specified</error></testcase><testcase classname="test_tabs.TestSysOpsSubtabs" name="test_sysops_subtabs_exist_and_clickable" time="0.002"><error message="failed on setup with &quot;FileNotFoundError: [WinError 2] The system cannot find the file specified&quot;">test_tabs.py:42: in app
    proc = subprocess.Popen(
C:\Python314\Lib\subprocess.py:1039: in __init__
    self._execute_child(args, executable, preexec_fn, close_fds,
C:\Python314\Lib\subprocess.py:1553: in _execute_child
    hp, ht, pid, tid = _winapi.CreateProcess(executable, args,
E   FileNotFoundError: [WinError 2] The system cannot find the file specified</error></testcase><testcase classname="test_tabs.TestLogsSubtabs" name="test_logs_subtabs_exist_and_clickable" time="0.002"><error message="failed on setup with &quot;FileNotFoundError: [WinError 2] The system cannot find the file specified&quot;">test_tabs.py:42: in app
    proc = subprocess.Popen(
C:\Python314\Lib\subprocess.py:1039: in __init__
    self._execute_child(args, executable, preexec_fn, close_fds,
C:\Python314\Lib\subprocess.py:1553: in _execute_child
    hp, ht, pid, tid = _winapi.CreateProcess(executable, args,
E   FileNotFoundError: [WinError 2] The system cannot find the file specified</error></testcase><testcase classname="test_tabs.TestDevOpsSubtabs" name="test_devops_subtabs_exist_and_clickable" time="0.002"><error message="failed on setup with &quot;FileNotFoundError: [WinError 2] The system cannot find the file specified&quot;">test_tabs.py:42: in app
    proc = subprocess.Popen(
C:\Python314\Lib\subprocess.py:1039: in __init__
    self._execute_child(args, executable, preexec_fn, close_fds,
C:\Python314\Lib\subprocess.py:1553: in _execute_child
    hp, ht, pid, tid = _winapi.CreateProcess(executable, args,
E   FileNotFoundError: [WinError 2] The system cannot find the file specified</error></testcase><testcase classname="test_tabs.TestAIOpsSubtabs" name="test_aiops_subtabs_exist_and_clickable" time="0.002"><error message="failed on setup with &quot;FileNotFoundError: [WinError 2] The system cannot find the file specified&quot;">test_tabs.py:42: in app
    proc = subprocess.Popen(
C:\Python314\Lib\subprocess.py:1039: in __init__
    self._execute_child(args, executable, preexec_fn, close_fds,
C:\Python314\Lib\subprocess.py:1553: in _execute_child
    hp, ht, pid, tid = _winapi.CreateProcess(executable, args,
E   FileNotFoundError: [WinError 2] The system cannot find the file specified</error></testcase></testsuite></testsuites>